Using pre-set license
Built from '2020.3/release' branch; Version is '2020.3.27f1 (e759542391ea) revision 15161684'; Using compiler version '192528614'; Build Type 'Release'
OS: 'Windows 10  (10.0.19041) 64bit Enterprise' Language: 'en' Physical Memory: 32683 MB
BatchMode: 1, IsHumanControllingUs: 0, StartBugReporterOnCrash: 0, Is64bit: 1, IsPro: 0

COMMAND LINE ARGUMENTS:
C:\Program Files\Unity 2020.3.27f1\Editor\Unity.exe
-adb2
-batchMode
-noUpm
-name
AssetImportWorker3
-projectPath
C:/Users/crayos/UnityProjects/MeatballMadness/GettingThroughIt
-logFile
Logs/AssetImportWorker3.log
-srvPort
57812
Successfully changed project path to: C:/Users/crayos/UnityProjects/MeatballMadness/GettingThroughIt
C:/Users/crayos/UnityProjects/MeatballMadness/GettingThroughIt
Using Asset Import Pipeline V2.
