Using pre-set license
Built from '2020.3/release' branch; Version is '2020.3.27f1 (e759542391ea) revision 15161684'; Using compiler version '192528614'; Build Type 'Release'
OS: 'Windows 10  (10.0.19041) 64bit Enterprise' Language: 'en' Physical Memory: 32683 MB
BatchMode: 1, IsHumanControllingUs: 0, StartBugReporterOnCrash: 0, Is64bit: 1, IsPro: 0

COMMAND LINE ARGUMENTS:
C:\Program Files\Unity 2020.3.27f1\Editor\Unity.exe
-adb2
-batchMode
-noUpm
-name
AssetImportWorker4
-projectPath
C:/Users/crayos/UnityProjects/MeatballMadness/GettingThroughIt
-logFile
Logs/AssetImportWorker4.log
-srvPort
57812
Successfully changed project path to: C:/Users/crayos/UnityProjects/MeatballMadness/GettingThroughIt
C:/Users/crayos/UnityProjects/MeatballMadness/GettingThroughIt
Using Asset Import Pipeline V2.
Refreshing native plugins compatible for Editor in 11358.16 ms, found 2 plugins.
Preloading 0 native plugins for Editor in 0.00 ms.
Initialize engine version: 2020.3.27f1 (e759542391ea)
[Subsystems] Discovering subsystems at path C:/Program Files/Unity 2020.3.27f1/Editor/Data/Resources/UnitySubsystems
[Subsystems] Discovering subsystems at path C:/Users/crayos/UnityProjects/MeatballMadness/GettingThroughIt/Assets
GfxDevice: creating device client; threaded=0
